mpsvars.sh: Warning: Hardware events collection is disabled by default. To enable it, run mpsvars.sh with --vtune (recommended) or --papi option.
Running on host node31-034
Time is Fri Nov 18 19:38:38 GMT 2016
Directory is /panfs/panasas01/cosc/ag14774/MPILattice-Boltzmann
PBS job ID is 5125629.master.cm.cluster
This jobs runs on the following machines:
node31-034 node31-037 node31-036 node31-035
Threads: 1
Threads: 1
Threads: 1
Threads: 1
Threads: 1
Threads: 1
Threads: 1
Threads: 1
Threads: 1
Threads: 1
Threads: 1
Threads: 1
Threads: 1
Threads: 1
Threads: 1
Threads: 1
Threads: 1
Threads: 1
Threads: 1
Threads: 1
Threads: 1
Threads: 1
Threads: 1
Threads: 1
Threads: 1
Threads: 1
Threads: 1
Threads: 1
Threads: 1
Threads: 1
Threads: 1
Threads: 1
Threads: 1
Threads: 1
Threads: 1
Threads: 1
Threads: 1
Threads: 1
Threads: 1
Threads: 1
Threads: 1
Threads: 1
Threads: 1
Threads: 1
Threads: 1
Threads: 1
Threads: 1
Threads: 1
Threads: 1
Threads: 1
Threads: 1
Threads: 1
Threads: 1
Threads: 1
Threads: 1
Threads: 1
Threads: 1
Threads: 1
Threads: 1
Threads: 1
Threads: 1
Threads: 1
Threads: 1
Threads: 1
[0] MPI startup(): Multi-threaded debug library
[0] MPID_nem_tmi_init_direct_recv(): WARNING: I_MPI_TMI_DRECV is not supported in multifabrics mode and will be ignored
[33] MPID_nem_tmi_init_direct_recv(): WARNING: I_MPI_TMI_DRECV is not supported in multifabrics mode and will be ignored
[63] MPID_nem_tmi_init_direct_recv(): WARNING: I_MPI_TMI_DRECV is not supported in multifabrics mode and will be ignored
[19] MPID_nem_tmi_init_direct_recv(): WARNING: I_MPI_TMI_DRECV is not supported in multifabrics mode and will be ignored
[0] MPI startup(): shm and tmi data transfer modes
[33] MPI startup(): shm and tmi data transfer modes
[2] MPID_nem_tmi_init_direct_recv(): WARNING: I_MPI_TMI_DRECV is not supported in multifabrics mode and will be ignored
[32] MPID_nem_tmi_init_direct_recv(): WARNING: I_MPI_TMI_DRECV is not supported in multifabrics mode and will be ignored
[63] MPI startup(): shm and tmi data transfer modes
[19] MPI startup(): shm and tmi data transfer modes
[49] MPID_nem_tmi_init_direct_recv(): WARNING: I_MPI_TMI_DRECV is not supported in multifabrics mode and will be ignored
[17] MPID_nem_tmi_init_direct_recv(): WARNING: I_MPI_TMI_DRECV is not supported in multifabrics mode and will be ignored
[2] MPI startup(): shm and tmi data transfer modes
[32] MPI startup(): shm and tmi data transfer modes
[7] MPID_nem_tmi_init_direct_recv(): WARNING: I_MPI_TMI_DRECV is not supported in multifabrics mode and will be ignored
[34] MPID_nem_tmi_init_direct_recv(): WARNING: I_MPI_TMI_DRECV is not supported in multifabrics mode and will be ignored
[49] MPI startup(): shm and tmi data transfer modes
[17] MPI startup(): shm and tmi data transfer modes
[48] MPID_nem_tmi_init_direct_recv(): WARNING: I_MPI_TMI_DRECV is not supported in multifabrics mode and will be ignored
[26] MPID_nem_tmi_init_direct_recv(): WARNING: I_MPI_TMI_DRECV is not supported in multifabrics mode and will be ignored
[7] MPI startup(): shm and tmi data transfer modes
[34] MPI startup(): shm and tmi data transfer modes
[14] MPID_nem_tmi_init_direct_recv(): WARNING: I_MPI_TMI_DRECV is not supported in multifabrics mode and will be ignored
[39] MPID_nem_tmi_init_direct_recv(): WARNING: I_MPI_TMI_DRECV is not supported in multifabrics mode and will be ignored
[48] MPI startup(): shm and tmi data transfer modes
[26] MPI startup(): shm and tmi data transfer modes
[50] MPID_nem_tmi_init_direct_recv(): WARNING: I_MPI_TMI_DRECV is not supported in multifabrics mode and will be ignored
[22] MPID_nem_tmi_init_direct_recv(): WARNING: I_MPI_TMI_DRECV is not supported in multifabrics mode and will be ignored
[14] MPI startup(): shm and tmi data transfer modes
[39] MPI startup(): shm and tmi data transfer modes
[9] MPID_nem_tmi_init_direct_recv(): WARNING: I_MPI_TMI_DRECV is not supported in multifabrics mode and will be ignored
[38] MPID_nem_tmi_init_direct_recv(): WARNING: I_MPI_TMI_DRECV is not supported in multifabrics mode and will be ignored
[50] MPI startup(): shm and tmi data transfer modes
[22] MPI startup(): shm and tmi data transfer modes
[56] MPID_nem_tmi_init_direct_recv(): WARNING: I_MPI_TMI_DRECV is not supported in multifabrics mode and will be ignored
[20] MPID_nem_tmi_init_direct_recv(): WARNING: I_MPI_TMI_DRECV is not supported in multifabrics mode and will be ignored
[9] MPI startup(): shm and tmi data transfer modes
[38] MPI startup(): shm and tmi data transfer modes
[13] MPID_nem_tmi_init_direct_recv(): WARNING: I_MPI_TMI_DRECV is not supported in multifabrics mode and will be ignored
[44] MPID_nem_tmi_init_direct_recv(): WARNING: I_MPI_TMI_DRECV is not supported in multifabrics mode and will be ignored
[56] MPI startup(): shm and tmi data transfer modes
[20] MPI startup(): shm and tmi data transfer modes
[54] MPID_nem_tmi_init_direct_recv(): WARNING: I_MPI_TMI_DRECV is not supported in multifabrics mode and will be ignored
[23] MPID_nem_tmi_init_direct_recv(): WARNING: I_MPI_TMI_DRECV is not supported in multifabrics mode and will be ignored
[13] MPI startup(): shm and tmi data transfer modes
[44] MPI startup(): shm and tmi data transfer modes
[12] MPID_nem_tmi_init_direct_recv(): WARNING: I_MPI_TMI_DRECV is not supported in multifabrics mode and will be ignored
[46] MPID_nem_tmi_init_direct_recv(): WARNING: I_MPI_TMI_DRECV is not supported in multifabrics mode and will be ignored
[54] MPI startup(): shm and tmi data transfer modes
[23] MPI startup(): shm and tmi data transfer modes
[58] MPID_nem_tmi_init_direct_recv(): WARNING: I_MPI_TMI_DRECV is not supported in multifabrics mode and will be ignored
[27] MPID_nem_tmi_init_direct_recv(): WARNING: I_MPI_TMI_DRECV is not supported in multifabrics mode and will be ignored
[12] MPI startup(): shm and tmi data transfer modes
[46] MPI startup(): shm and tmi data transfer modes
[1] MPID_nem_tmi_init_direct_recv(): WARNING: I_MPI_TMI_DRECV is not supported in multifabrics mode and will be ignored
[40] MPID_nem_tmi_init_direct_recv(): WARNING: I_MPI_TMI_DRECV is not supported in multifabrics mode and will be ignored
[58] MPI startup(): shm and tmi data transfer modes
[27] MPI startup(): shm and tmi data transfer modes
[59] MPID_nem_tmi_init_direct_recv(): WARNING: I_MPI_TMI_DRECV is not supported in multifabrics mode and will be ignored
[28] MPID_nem_tmi_init_direct_recv(): WARNING: I_MPI_TMI_DRECV is not supported in multifabrics mode and will be ignored
[1] MPI startup(): shm and tmi data transfer modes
[40] MPI startup(): shm and tmi data transfer modes
[15] MPID_nem_tmi_init_direct_recv(): WARNING: I_MPI_TMI_DRECV is not supported in multifabrics mode and will be ignored
[47] MPID_nem_tmi_init_direct_recv(): WARNING: I_MPI_TMI_DRECV is not supported in multifabrics mode and will be ignored
[59] MPI startup(): shm and tmi data transfer modes
[28] MPI startup(): shm and tmi data transfer modes
[61] MPID_nem_tmi_init_direct_recv(): WARNING: I_MPI_TMI_DRECV is not supported in multifabrics mode and will be ignored
[18] MPID_nem_tmi_init_direct_recv(): WARNING: I_MPI_TMI_DRECV is not supported in multifabrics mode and will be ignored
[15] MPI startup(): shm and tmi data transfer modes
[47] MPI startup(): shm and tmi data transfer modes
[5] MPID_nem_tmi_init_direct_recv(): WARNING: I_MPI_TMI_DRECV is not supported in multifabrics mode and will be ignored
[37] MPID_nem_tmi_init_direct_recv(): WARNING: I_MPI_TMI_DRECV is not supported in multifabrics mode and will be ignored
[61] MPI startup(): shm and tmi data transfer modes
[18] MPI startup(): shm and tmi data transfer modes
[57] MPID_nem_tmi_init_direct_recv(): WARNING: I_MPI_TMI_DRECV is not supported in multifabrics mode and will be ignored
[21] MPID_nem_tmi_init_direct_recv(): WARNING: I_MPI_TMI_DRECV is not supported in multifabrics mode and will be ignored
[5] MPI startup(): shm and tmi data transfer modes
[37] MPI startup(): shm and tmi data transfer modes
[10] MPID_nem_tmi_init_direct_recv(): WARNING: I_MPI_TMI_DRECV is not supported in multifabrics mode and will be ignored
[41] MPID_nem_tmi_init_direct_recv(): WARNING: I_MPI_TMI_DRECV is not supported in multifabrics mode and will be ignored
[57] MPI startup(): shm and tmi data transfer modes
[21] MPI startup(): shm and tmi data transfer modes
[55] MPID_nem_tmi_init_direct_recv(): WARNING: I_MPI_TMI_DRECV is not supported in multifabrics mode and will be ignored
[24] MPID_nem_tmi_init_direct_recv(): WARNING: I_MPI_TMI_DRECV is not supported in multifabrics mode and will be ignored
[10] MPI startup(): shm and tmi data transfer modes
[41] MPI startup(): shm and tmi data transfer modes
[4] MPID_nem_tmi_init_direct_recv(): WARNING: I_MPI_TMI_DRECV is not supported in multifabrics mode and will be ignored
[43] MPID_nem_tmi_init_direct_recv(): WARNING: I_MPI_TMI_DRECV is not supported in multifabrics mode and will be ignored
[55] MPI startup(): shm and tmi data transfer modes
[24] MPI startup(): shm and tmi data transfer modes
[60] MPID_nem_tmi_init_direct_recv(): WARNING: I_MPI_TMI_DRECV is not supported in multifabrics mode and will be ignored
[29] MPID_nem_tmi_init_direct_recv(): WARNING: I_MPI_TMI_DRECV is not supported in multifabrics mode and will be ignored
[43] MPI startup(): shm and tmi data transfer modes
[4] MPI startup(): shm and tmi data transfer modes
[3] MPID_nem_tmi_init_direct_recv(): WARNING: I_MPI_TMI_DRECV is not supported in multifabrics mode and will be ignored
[36] MPID_nem_tmi_init_direct_recv(): WARNING: I_MPI_TMI_DRECV is not supported in multifabrics mode and will be ignored
[60] MPI startup(): shm and tmi data transfer modes
[29] MPI startup(): shm and tmi data transfer modes
[53] MPID_nem_tmi_init_direct_recv(): WARNING: I_MPI_TMI_DRECV is not supported in multifabrics mode and will be ignored
[16] MPID_nem_tmi_init_direct_recv(): WARNING: I_MPI_TMI_DRECV is not supported in multifabrics mode and will be ignored
[3] MPI startup(): shm and tmi data transfer modes
[36] MPI startup(): shm and tmi data transfer modes
[6] MPID_nem_tmi_init_direct_recv(): WARNING: I_MPI_TMI_DRECV is not supported in multifabrics mode and will be ignored
[45] MPID_nem_tmi_init_direct_recv(): WARNING: I_MPI_TMI_DRECV is not supported in multifabrics mode and will be ignored
[53] MPI startup(): shm and tmi data transfer modes
[16] MPI startup(): shm and tmi data transfer modes
[52] MPID_nem_tmi_init_direct_recv(): WARNING: I_MPI_TMI_DRECV is not supported in multifabrics mode and will be ignored
[31] MPID_nem_tmi_init_direct_recv(): WARNING: I_MPI_TMI_DRECV is not supported in multifabrics mode and will be ignored
[6] MPI startup(): shm and tmi data transfer modes
[45] MPI startup(): shm and tmi data transfer modes
[52] MPI startup(): shm and tmi data transfer modes
[31] MPI startup(): shm and tmi data transfer modes
[8] MPID_nem_tmi_init_direct_recv(): WARNING: I_MPI_TMI_DRECV is not supported in multifabrics mode and will be ignored
[8] MPI startup(): shm and tmi data transfer modes
[35] MPID_nem_tmi_init_direct_recv(): WARNING: I_MPI_TMI_DRECV is not supported in multifabrics mode and will be ignored
[35] MPI startup(): shm and tmi data transfer modes
[51] MPID_nem_tmi_init_direct_recv(): WARNING: I_MPI_TMI_DRECV is not supported in multifabrics mode and will be ignored
[51] MPI startup(): shm and tmi data transfer modes
[25] MPID_nem_tmi_init_direct_recv(): WARNING: I_MPI_TMI_DRECV is not supported in multifabrics mode and will be ignored
[25] MPI startup(): shm and tmi data transfer modes
[42] MPID_nem_tmi_init_direct_recv(): WARNING: I_MPI_TMI_DRECV is not supported in multifabrics mode and will be ignored
[42] MPI startup(): shm and tmi data transfer modes
[11] MPID_nem_tmi_init_direct_recv(): WARNING: I_MPI_TMI_DRECV is not supported in multifabrics mode and will be ignored
[11] MPI startup(): shm and tmi data transfer modes
[62] MPID_nem_tmi_init_direct_recv(): WARNING: I_MPI_TMI_DRECV is not supported in multifabrics mode and will be ignored
[62] MPI startup(): shm and tmi data transfer modes
[30] MPID_nem_tmi_init_direct_recv(): WARNING: I_MPI_TMI_DRECV is not supported in multifabrics mode and will be ignored
[30] MPI startup(): shm and tmi data transfer modes
Rank:9, Size:64
Rank:13, Size:64
Rank:3, Size:64
Rank:5, Size:64
Rank:7, Size:64
Rank:11, Size:64
Rank:15, Size:64
Rank:14, Size:64
Rank:6, Size:64
Rank:2, Size:64
Rank:12, Size:64
Rank:35, Size:64
Rank:4, Size:64
Rank:37, Size:64
Rank:53, Size:64
Rank:10, Size:64
Rank:34, Size:64
Rank:57, Size:64
Rank:27, Size:64
Rank:8, Size:64
Rank:41, Size:64
Rank:61, Size:64
Rank:31, Size:64
Rank:47, Size:64
Rank:49, Size:64
Rank:23, Size:64
Rank:46, Size:64
Rank:51, Size:64
Rank:25, Size:64
Rank:43, Size:64
Rank:55, Size:64
Rank:59, Size:64
Rank:17, Size:64
Rank:18, Size:64
Rank:19, Size:64
Rank:42, Size:64
Rank:22, Size:64
Rank:1, Size:64
Rank:45, Size:64
Rank:29, Size:64
Rank:44, Size:64
Rank:63, Size:64
Rank:20, Size:64
Rank:40, Size:64
Rank:52, Size:64
Rank:54, Size:64
Rank:21, Size:64
Rank:39, Size:64
Rank:60, Size:64
Rank:26, Size:64
Rank:33, Size:64
Rank:62, Size:64
Rank:50, Size:64
Rank:58, Size:64
[0] MPI startup(): Rank    Pid      Node name   Pin cpu
[0] MPI startup(): 0       94943    node31-034  {0}
[0] MPI startup(): 1       94944    node31-034  {1}
[0] MPI startup(): 2       94945    node31-034  {2}
[0] MPI startup(): 3       94946    node31-034  {3}
[0] MPI startup(): 4       94947    node31-034  {4}
[0] MPI startup(): 5       94948    node31-034  {5}
[0] MPI startup(): 6       94949    node31-034  {6}
[0] MPI startup(): 7       94950    node31-034  {7}
[0] MPI startup(): 8       94951    node31-034  {8}
[0] MPI startup(): 9       94952    node31-034  {9}
[0] MPI startup(): 10      94953    node31-034  {10}
[0] MPI startup(): 11      94954    node31-034  {11}
[0] MPI startup(): 12      94955    node31-034  {12}
[0] MPI startup(): 13      94956    node31-034  {13}
[0] MPI startup(): 14      94957    node31-034  {14}
[0] MPI startup(): 15      94958    node31-034  {15}
[0] MPI startup(): 16      75078    node31-037  {0}
[0] MPI startup(): 17      75079    node31-037  {1}
[0] MPI startup(): 18      75080    node31-037  {2}
[0] MPI startup(): 19      75081    node31-037  {3}
Rank:36, Size:64
Rank:48, Size:64
Rank:24, Size:64
Rank:38, Size:64
Rank:56, Size:64
Rank:28, Size:64
Rank:32, Size:64
Rank:30, Size:64
Rank:16, Size:64
[0] MPI startup(): 20      75082    node31-037  {4}
[0] MPI startup(): 21      75083    node31-037  {5}
[0] MPI startup(): 22      75084    node31-037  {6}
[0] MPI startup(): 23      75085    node31-037  {7}
[0] MPI startup(): 24      75086    node31-037  {8}
[0] MPI startup(): 25      75087    node31-037  {9}
[0] MPI startup(): 26      75088    node31-037  {10}
[0] MPI startup(): 27      75089    node31-037  {11}
[0] MPI startup(): 28      75090    node31-037  {12}
[0] MPI startup(): 29      75091    node31-037  {13}
[0] MPI startup(): 30      75092    node31-037  {14}
[0] MPI startup(): 31      75093    node31-037  {15}
[0] MPI startup(): 32      110376   node31-036  {8}
[0] MPI startup(): 33      110377   node31-036  {9}
[0] MPI startup(): 34      110378   node31-036  {10}
[0] MPI startup(): 35      110379   node31-036  {11}
[0] MPI startup(): 36      110380   node31-036  {12}
[0] MPI startup(): 37      110381   node31-036  {13}
[0] MPI startup(): 38      110382   node31-036  {14}
[0] MPI startup(): 39      110383   node31-036  {15}
[0] MPI startup(): 40      110384   node31-036  {0}
[0] MPI startup(): 41      110385   node31-036  {1}
[0] MPI startup(): 42      110386   node31-036  {2}
[0] MPI startup(): 43      110387   node31-036  {3}
[0] MPI startup(): 44      110388   node31-036  {4}
[0] MPI startup(): 45      110389   node31-036  {5}
[0] MPI startup(): 46      110390   node31-036  {6}
[0] MPI startup(): 47      110391   node31-036  {7}
[0] MPI startup(): 48      96891    node31-035  {8}
[0] MPI startup(): 49      96892    node31-035  {9}
[0] MPI startup(): 50      96893    node31-035  {10}
[0] MPI startup(): 51      96894    node31-035  {11}
[0] MPI startup(): 52      96895    node31-035  {12}
[0] MPI startup(): 53      96896    node31-035  {13}
[0] MPI startup(): 54      96897    node31-035  {14}
[0] MPI startup(): 55      96898    node31-035  {15}
[0] MPI startup(): 56      96899    node31-035  {0}
[0] MPI startup(): 57      96900    node31-035  {1}
[0] MPI startup(): 58      96901    node31-035  {2}
[0] MPI startup(): 59      96902    node31-035  {3}
[0] MPI startup(): 60      96903    node31-035  {4}
[0] MPI startup(): 61      96904    node31-035  {5}
[0] MPI startup(): 62      96905    node31-035  {6}
[0] MPI startup(): 63      96906    node31-035  {7}
[0] MPI startup(): I_MPI_DEBUG=5
[0] MPI startup(): I_MPI_HYDRA_UUID=d7720100-a595-df73-9841-050000e20a83
[0] MPI startup(): I_MPI_INFO_NUMA_NODE_DIST=10,21,21,10
[0] MPI startup(): I_MPI_INFO_NUMA_NODE_MAP=qib0:0
[0] MPI startup(): I_MPI_INFO_NUMA_NODE_NUM=2
[0] MPI startup(): I_MPI_PIN_MAPPING=16:0 0,1 1,2 2,3 3,4 4,5 5,6 6,7 7,8 8,9 9,10 10,11 11,12 12,13 13,14 14,15 15
[0] MPI startup(): I_MPI_STATS=20
[0] MPI startup(): I_MPI_STATS_FILE=stats_20161118-193838.txt
[0] MPI startup(): PMI_RANK=0
Rank:0, Size:64
==done==
Reynolds number:		3.377417686976E+00
Elapsed time:			18.008074 (s)
Elapsed user CPU time:		17.178388 (s)
Elapsed system CPU time:	0.939857 (s)
